TN:
SF:src/app.ts
FNF:0
FNH:0
DA:8,1
DA:9,1
DA:10,1
DA:12,1
DA:13,1
DA:17,1
LF:6
LH:6
BRF:0
BRH:0
end_of_record
TN:
SF:src/database.ts
FNF:0
FNH:0
DA:3,2
DA:4,2
LF:2
LH:2
BRF:0
BRH:0
end_of_record
TN:
SF:src/controllers/recommendationController.ts
FN:6,insert
FN:17,upvote
FN:25,downvote
FN:33,random
FN:39,get
FN:44,getTop
FN:51,getById
FNF:7
FNH:7
FNDA:2,insert
FNDA:1,upvote
FNDA:7,downvote
FNDA:3,random
FNDA:2,get
FNDA:1,getTop
FNDA:1,getById
DA:7,2
DA:8,2
DA:9,1
DA:12,1
DA:14,1
DA:18,1
DA:20,1
DA:22,1
DA:26,7
DA:28,7
DA:30,7
DA:34,3
DA:36,2
DA:40,2
DA:41,2
DA:45,1
DA:47,1
DA:48,1
DA:52,1
DA:54,1
DA:55,1
DA:58,1
LF:22
LH:22
BRDA:8,0,0,1
BRF:1
BRH:1
end_of_record
TN:
SF:src/controllers/testController.ts
FN:4,resetDatabase
FNF:1
FNH:0
FNDA:0,resetDatabase
DA:5,0
DA:6,0
LF:2
LH:0
BRF:0
BRH:0
end_of_record
TN:
SF:src/middlewares/errorHandlerMiddleware.ts
FN:8,errorHandlerMiddleware
FNF:1
FNH:1
FNDA:2,errorHandlerMiddleware
DA:14,2
DA:16,2
DA:17,2
DA:20,0
LF:4
LH:3
BRDA:16,0,0,2
BRF:1
BRH:1
end_of_record
TN:
SF:src/repositories/recommendationRepository.ts
FN:6,create
FN:17,findAll
FN:27,getAmountByScore
FN:34,getFindAllFilter
FN:46,find
FN:52,findByName
FN:58,updateScore
FN:67,remove
FN:73,truncate
FNF:9
FNH:8
FNDA:1,create
FNDA:7,findAll
FNDA:1,getAmountByScore
FNDA:7,getFindAllFilter
FNDA:9,find
FNDA:1,findByName
FNDA:8,updateScore
FNDA:1,remove
FNDA:0,truncate
DA:7,1
DA:18,7
DA:20,7
DA:28,1
DA:37,7
DA:39,3
DA:41,3
DA:47,9
DA:53,1
DA:59,8
DA:68,1
DA:74,0
DA:76,2
LF:13
LH:12
BRDA:37,0,0,4
BRF:1
BRH:1
end_of_record
TN:
SF:src/routers/recommendationRouter.ts
FNF:0
FNH:0
DA:4,1
DA:6,1
DA:7,1
DA:8,1
DA:9,1
DA:10,1
DA:11,1
DA:12,1
LF:8
LH:8
BRF:0
BRH:0
end_of_record
TN:
SF:src/routers/testRouter.ts
FNF:0
FNH:0
DA:4,1
DA:6,1
LF:2
LH:2
BRF:0
BRH:0
end_of_record
TN:
SF:src/schemas/recommendationsSchemas.ts
FNF:0
FNH:0
DA:4,1
DA:6,1
LF:2
LH:2
BRF:0
BRH:0
end_of_record
TN:
SF:src/services/recommendationsService.ts
FN:7,insert
FN:17,upvote
FN:23,downvote
FN:36,getByIdOrFail
FN:43,get
FN:47,getTop
FN:51,getRandom
FN:64,returnMathRandom
FN:68,getByScore
FN:81,getScoreFilter
FNF:10
FNH:10
FNDA:2,insert
FNDA:1,upvote
FNDA:7,downvote
FNDA:10,getByIdOrFail
FNDA:2,get
FNDA:1,getTop
FNDA:4,getRandom
FNDA:4,returnMathRandom
FNDA:4,getByScore
FNDA:4,getScoreFilter
DA:8,2
DA:11,2
DA:12,1
DA:14,1
DA:18,1
DA:20,1
DA:24,7
DA:26,7
DA:31,7
DA:32,1
DA:37,10
DA:38,10
DA:40,9
DA:44,2
DA:48,1
DA:52,4
DA:53,4
DA:55,4
DA:56,4
DA:57,1
DA:60,3
DA:61,3
DA:65,4
DA:69,4
DA:74,4
DA:75,2
DA:78,2
DA:82,4
DA:83,3
DA:86,1
DA:89,2
LF:31
LH:31
BRDA:11,0,0,1
BRDA:31,1,0,1
BRDA:38,2,0,1
BRDA:56,3,0,1
BRDA:74,4,0,2
BRDA:82,5,0,3
BRF:6
BRH:6
end_of_record
TN:
SF:src/services/testService.ts
FN:5,resetDatabase
FNF:1
FNH:0
FNDA:0,resetDatabase
DA:6,0
LF:1
LH:0
BRF:0
BRH:0
end_of_record
TN:
SF:src/utils/errorUtils.ts
FN:7,isAppError
FN:11,errorTypeToStatusCode
FN:19,conflictError
FN:23,notFoundError
FN:27,unauthorizedError
FN:31,wrongSchemaError
FNF:6
FNH:5
FNDA:2,isAppError
FNDA:2,errorTypeToStatusCode
FNDA:2,conflictError
FNDA:3,notFoundError
FNDA:0,unauthorizedError
FNDA:1,wrongSchemaError
DA:8,2
DA:12,2
DA:13,2
DA:14,1
DA:15,1
DA:16,0
DA:20,2
DA:24,3
DA:28,0
DA:32,1
LF:10
LH:8
BRDA:12,0,0,0
BRDA:13,1,0,1
BRDA:14,2,0,0
BRDA:15,3,0,1
BRDA:20,4,0,2
BRDA:20,4,1,0
BRDA:20,5,0,2
BRDA:20,5,1,2
BRDA:24,6,0,1
BRDA:24,6,1,2
BRDA:24,7,0,3
BRDA:24,7,1,3
BRDA:28,8,0,0
BRDA:28,8,1,0
BRDA:28,9,0,0
BRDA:28,9,1,0
BRDA:32,10,0,0
BRDA:32,10,1,1
BRDA:32,11,0,1
BRDA:32,11,1,1
BRF:20
BRH:12
end_of_record
TN:
SF:test/factories/recommendationFactory.ts
FN:4,recommendationBody
FN:12,insert
FN:23,insertMany
FN:36,findUniqueById
FNF:4
FNH:4
FNDA:41,recommendationBody
FNDA:4,insert
FNDA:4,insertMany
FNDA:3,findUniqueById
DA:5,41
DA:13,4
DA:14,4
DA:20,4
DA:24,4
DA:25,4
DA:26,35
DA:30,4
DA:33,4
DA:37,3
DA:42,1
DA:43,2
DA:47,2
LF:13
LH:13
BRDA:37,0,0,1
BRF:1
BRH:1
end_of_record
